[signal.org/en/index.html]
[backblue.gif]
[fade.gif]
[index.html]
[signal.org/en/index-2.html]
[signal.org/assets/og/og-image-ff2096df535eee499356de64b19fa8cebb9681ab1e78cca7330e7f8b8d5ec6d5.png]
[signal.org/assets/favicon/apple-icon-57x57-1e56b07703490ebba4713a0b5ea25a03ae8d86eabc4a961158edf5b46590fd3d.png]
[signal.org/assets/favicon/apple-icon-60x60-e2db2d0761f2007f5d2b1f9594a5caa49705c1221ced2472a2e471e0c53ed3fa.png]
[signal.org/assets/favicon/apple-icon-72x72-97b53da0f83cc83e78f550a175abc7655b655a4ff6f8969616ccf6a45431f823.png]
[signal.org/assets/favicon/apple-icon-76x76-9f2b2add20d8060fab5bda1a4fc4dbc23330e56b6ce846dc71af34b643b44294.png]
[signal.org/assets/favicon/apple-icon-114x114-f6319e407b9c5379fbb0753dbf272e8d3b24a0c2e107d3c971fa173f861580bc.png]
[signal.org/assets/favicon/apple-icon-120x120-c98504fda21e8555d8c527f46d170b182630953915e3f35e6be58ad7c2ba2016.png]
[signal.org/assets/favicon/apple-icon-144x144-6673d278a3a610c29c506b94db1c39dbaed7316a3daa8dfa84b115d9a17a3be1.png]
[signal.org/assets/favicon/apple-icon-152x152-8d0419698314ff17820aa277bc5c56df4048fff96b89d021c5e3240c804c008d.png]
[signal.org/assets/favicon/apple-icon-180x180-aa2761b8418076157d993fa209969b64f3ef435dcbefb20e7f9b4ad03e6e76bd.png]
[signal.org/assets/favicon/android-icon-192x192-2ce7be93a7e75de13098e18298fcb8910772ec2e035cea23f3c2ad438ff8e504.png]
[signal.org/assets/favicon/favicon-32x32-382989a29cc9004cc5b4b723098a5663f944b48d4694df252b89caa831fa205f.png]
[signal.org/assets/favicon/favicon-96x96-aa38de7ff5098e6c9a3a41bd2424266d64b0200d347d682292c01a1d6d402660.png]
[signal.org/assets/favicon/favicon-16x16-c6d9330e8b333a3ff4dd7d9ccbfccbb22265db57ba79fd8d3f9a31a90e7d4857.png]
[signal.org/assets/favicon/ms-icon-144x144-c87fa9bc9f7648a5dc55c8bb767caa2c9f3ff5d13dbdce9eb82e75e14ebe41d9.png]
[signal.org/assets/vendor/bulma-0.8.0.min-ccf7949cbe2c285e72f3a5c936d8abba9270e77d27b2529804ff4738dda4944e.css]
[signal.org/assets/ultramarine-2d3e2ef7de47ff3ba794c3a067b81b75f33f4fb952fff0a4c9c52cd5f1535c26.css]
[signal.org/assets/header/logo-f7ef605fe417d5520d38d546b3b774b4261c75220b9904da4d8b2ffc19a761ff.png]
[signal.org/assets/features/iphone-screenshot-light-a105c976107baef33fe8d3ae6f38cdd691ba6834fbc80d63a6eefb318a7a3b83.png]
[signal.org/assets/features/pixel-screenshot-light-886fde7f302b53617c53b65449dbcd938463aacf95f46c15ef6e204c2b568140.png]
[signal.org/assets/testimonials/snowden-e54d914f15e0becb358d375451978bbb5a307d12a6b91b49cdc1031fd062a0b8.jpg]
[signal.org/assets/testimonials/dorsey-f2c53cc9287633aac7c8ccfbc2a97902ae3b78edc409073a968e7090240cd593.jpg]
[signal.org/assets/testimonials/poitras-e8c538d3efb17cffba9fe675b291d7787c9a70cf4ae06ba836e852b26b3c1b13.jpg]
[signal.org/assets/testimonials/schneier-c24b9a5a1aebd05202b96f20b20357dd0e121f73de06fecb10653a6f778a2680.jpg]
[signal.org/assets/features/Media-9ebea788426f7eabd9756d3f5ec12a5b97b47b6fa8918cdff0004777f27e1fa3.png]
[signal.org/assets/features/Calls-7d9c94d0e1937d6c9f265dcfd68b4d977d681f974a36f36bf14d1ae1beeadf12.png]
[signal.org/assets/features/Stickers-51967388a365dff9f56b8c11b02e461a3a598a500f825d751a93c9e16e9f7800.png]
[signal.org/assets/features/Groups-2009b23758fe4fb3f6bb8e6cf61e41dedbeaa0a92b7734191a8565d2d7ee3cfc.png]
[signal.org/assets/features/No-Ads-3d8c77d5daeadd4c02fd3f4343745812fd4f79406a01b4924cf53549957297e0.png]
[signal.org/assets/features/Nonprofit503-876fb51a00d7d9de8a2c23f94394278191947bd56a8048df5d0138cde497332f.png]
[signal.org/assets/vendor/jquery-3.5.1.min-a6ed45d15e46615f8c15931ca254e398a912e770b10122a4435529a1a523180d.js]
[signal.org/assets/vendor/lottie-player-0.5.1.min-7b15c2adfdb246be3414fb8d6966f54c06cc82f090a5d23c77f079de4c16fef3.js]
[signal.org/assets/ping-5466b638a1abe764ac4db91c764bcf45af6e11033f07523b1152ff401ad8be7c.js]
[signal.org/en/index.html]
[signal.org/en/index-2.html]
[signal.org/assets/vendor/bulma-0.8.0.min-ccf7949cbe2c285e72f3a5c936d8abba9270e77d27b2529804ff4738dda4944e.css]
[signal.org/assets/inter/Inter-Regular-c342b1b7f7d19be1429fef29bf3af6d9e8c3e21aba846e082cdee1db8a530c83.woff2]
[signal.org/assets/inter/Inter-Regular-b825f1bc25dee8a67cf5a2c461410c2c755bca29b9297c8f930fe4486ba35dd3.woff]
[signal.org/assets/inter/Inter-ExtraBold-74e72c6bbb7844899343c4783be9b4510e32951636acde44d5b4725e2132ea03.woff2]
[signal.org/assets/inter/Inter-ExtraBold-585b4ce19c2d757e2f9f6925a280650188bd2a49e7613f687dabdb15543e17eb.woff]
[signal.org/assets/ultramarine-2d3e2ef7de47ff3ba794c3a067b81b75f33f4fb952fff0a4c9c52cd5f1535c26.css]
[signal.org/assets/icons/external-link-alt-cdef7b31e9343f9af191079e0d6f34fe3f0d308d36376d6623457e5a8308dd6f.svg]
[signal.org/assets/icons/external-blue-e505406cadaf1501969ead8ec71078f4f0ae840e827c0089e4a26c74c5f67482.svg]
[signal.org/assets/icons/solid_globe-35e2854ca14ff9b6018268f57a4e4c13b54df96239eebf876039b2cfde06f3ca.svg]
[signal.org/assets/icons/facebook-64a08e71eaf9761bffde724aacd32b3270f07bb0264fd53049b4566676180360.svg]
[signal.org/assets/icons/twitter-75c765c3b019dd08fd7b2ce995d2161f73fccaaccf6125db3cbc2feea6436f5f.svg]
[signal.org/assets/icons/instagram-63876ccfbad266bbbc5b822d9d3fc0c92ebcbf1e3be12033f75ec3ac71a95bf9.svg]
[signal.org/assets/icons/eye-slash-09043cdac51b17673b86d130b008580f16592b958ffd1c16df939f3558693d33.svg]
[signal.org/assets/icons/users-3b25256c28f817f7d08bbfa8621926abb1910dfec2a6f64af8715ffa3c73c4ea.svg]
[signal.org/assets/icons/dollar-02914d5ef1f8e051cf01e0e5d29f4dc8e210efe228e887f7db077780ded0e5bd.svg]
[signal.org/assets/icons/globe-americas-1d6e11ba2fd59070ed4790df1622fcedaa1c4eeafa9d801fd8f144eb686d9e69.svg]
[signal.org/assets/icons/code-3761afa1725a542f0cecf9fc304ebdd52e41000839f5310a4e214cb46ff565c4.svg]
[signal.org/assets/icons/solid_certificate-1829dfc510ec3ad50fe05fba2c7c37db5c17182707dcd152d1036c6b680bca57.svg]
